<?xml version="1.0" encoding="UTF-8"?>
<!-- Generated by org.testng.reporters.JUnitReportReporter -->
<testsuite hostname="havisha" failures="0" tests="3" name="com.nopcommerce.demo.testsuite.RegisterPageTest" time="39.386" errors="0" timestamp="2023-12-11T12:10:51 GMT" skipped="0">
  <testcase classname="com.nopcommerce.demo.testsuite.RegisterPageTest" name="verifyUserShouldNavigateToRegisterPageSuccessfully" time="6.540"/>
  <testcase classname="com.nopcommerce.demo.testsuite.RegisterPageTest" name="verifyThatFirstNameLastNameEmailPasswordAndConfirmPasswordFieldsAreMandatory" time="8.387"/>
  <testcase classname="com.nopcommerce.demo.testsuite.RegisterPageTest" name="verifyThatUserShouldCreateAccountSuccessfully" time="24.459"/>
</testsuite> <!-- com.nopcommerce.demo.testsuite.RegisterPageTest -->
